/home/ec2-user/tipping-monster/.venv/lib/python3.11/site-packages/xgboost/core.py:377: FutureWarning: Your system has an old version of glibc (< 2.28). We will stop supporting Linux distros with glibc older than 2.28 after **May 31, 2025**. Please upgrade to a recent Linux distro (with glibc >= 2.28) to use future versions of XGBoost.
Note: You have installed the 'manylinux2014' variant of XGBoost. Certain features such as GPU algorithms or federated learning are not available. To use these features, please upgrade to a recent Linux distro with glibc 2.28+, and install the 'manylinux_2_28' variant.
  warnings.warn(
/home/ec2-user/tipping-monster/run_inference_and_select_top1.py:190: DtypeWarning: Columns (6) have mixed types. Specify dtype option on import or set low_memory=False.
  df = pd.read_csv(path, usecols=["date", "course", "off", "class", "horse"], parse_dates=["date"])
Traceback (most recent call last):
  File "/home/ec2-user/tipping-monster/.venv/lib/python3.11/site-packages/pandas/core/arrays/datetimelike.py", line 983, in _cmp_method
    other = self._validate_comparison_value(other)
            ^^^^^^^^^^^^^^^^^^^^^^^^^^^^^^^^^^^^^^
  File "/home/ec2-user/tipping-monster/.venv/lib/python3.11/site-packages/pandas/core/arrays/datetimelike.py", line 542, in _validate_comparison_value
    raise InvalidComparison(other)
pandas.errors.InvalidComparison: 2025-05-24

During handling of the above exception, another exception occurred:

Traceback (most recent call last):
  File "/home/ec2-user/tipping-monster/run_inference_and_select_top1.py", line 223, in <module>
    row["last_class"] = get_last_class(row["name"], today_date, combined_results_df)
                        ^^^^^^^^^^^^^^^^^^^^^^^^^^^^^^^^^^^^^^^^^^^^^^^^^^^^^^^^^^^^
  File "/home/ec2-user/tipping-monster/run_inference_and_select_top1.py", line 211, in get_last_class
    df = df[df["date"] < today_date]
            ^^^^^^^^^^^^^^^^^^^^^^^
  File "/home/ec2-user/tipping-monster/.venv/lib/python3.11/site-packages/pandas/core/ops/common.py", line 76, in new_method
    return method(self, other)
           ^^^^^^^^^^^^^^^^^^^
  File "/home/ec2-user/tipping-monster/.venv/lib/python3.11/site-packages/pandas/core/arraylike.py", line 48, in __lt__
    return self._cmp_method(other, operator.lt)
           ^^^^^^^^^^^^^^^^^^^^^^^^^^^^^^^^^^^^
  File "/home/ec2-user/tipping-monster/.venv/lib/python3.11/site-packages/pandas/core/series.py", line 6119, in _cmp_method
    res_values = ops.comparison_op(lvalues, rvalues, op)
                 ^^^^^^^^^^^^^^^^^^^^^^^^^^^^^^^^^^^^^^^
  File "/home/ec2-user/tipping-monster/.venv/lib/python3.11/site-packages/pandas/core/ops/array_ops.py", line 330, in comparison_op
    res_values = op(lvalues, rvalues)
                 ^^^^^^^^^^^^^^^^^^^^
  File "/home/ec2-user/tipping-monster/.venv/lib/python3.11/site-packages/pandas/core/ops/common.py", line 76, in new_method
    return method(self, other)
           ^^^^^^^^^^^^^^^^^^^
  File "/home/ec2-user/tipping-monster/.venv/lib/python3.11/site-packages/pandas/core/arraylike.py", line 48, in __lt__
    return self._cmp_method(other, operator.lt)
           ^^^^^^^^^^^^^^^^^^^^^^^^^^^^^^^^^^^^
  File "/home/ec2-user/tipping-monster/.venv/lib/python3.11/site-packages/pandas/core/arrays/datetimelike.py", line 985, in _cmp_method
    return invalid_comparison(self, other, op)
           ^^^^^^^^^^^^^^^^^^^^^^^^^^^^^^^^^^^
  File "/home/ec2-user/tipping-monster/.venv/lib/python3.11/site-packages/pandas/core/ops/invalid.py", line 40, in invalid_comparison
    raise TypeError(f"Invalid comparison between dtype={left.dtype} and {typ}")
TypeError: Invalid comparison between dtype=datetime64[ns] and date
/home/ec2-user/tipping-monster/.venv/lib/python3.11/site-packages/xgboost/core.py:377: FutureWarning: Your system has an old version of glibc (< 2.28). We will stop supporting Linux distros with glibc older than 2.28 after **May 31, 2025**. Please upgrade to a recent Linux distro (with glibc >= 2.28) to use future versions of XGBoost.
Note: You have installed the 'manylinux2014' variant of XGBoost. Certain features such as GPU algorithms or federated learning are not available. To use these features, please upgrade to a recent Linux distro with glibc 2.28+, and install the 'manylinux_2_28' variant.
  warnings.warn(
/home/ec2-user/tipping-monster/run_inference_and_select_top1.py:190: DtypeWarning: Columns (6) have mixed types. Specify dtype option on import or set low_memory=False.
  df = pd.read_csv(path, usecols=["date", "course", "off", "class", "horse"], parse_dates=["date"])
Traceback (most recent call last):
  File "/home/ec2-user/tipping-monster/.venv/lib/python3.11/site-packages/pandas/core/arrays/datetimelike.py", line 983, in _cmp_method
    other = self._validate_comparison_value(other)
            ^^^^^^^^^^^^^^^^^^^^^^^^^^^^^^^^^^^^^^
  File "/home/ec2-user/tipping-monster/.venv/lib/python3.11/site-packages/pandas/core/arrays/datetimelike.py", line 542, in _validate_comparison_value
    raise InvalidComparison(other)
pandas.errors.InvalidComparison: 2025-05-24

During handling of the above exception, another exception occurred:

Traceback (most recent call last):
  File "/home/ec2-user/tipping-monster/run_inference_and_select_top1.py", line 223, in <module>
    row["last_class"] = get_last_class(row["name"], today_date, combined_results_df)
                        ^^^^^^^^^^^^^^^^^^^^^^^^^^^^^^^^^^^^^^^^^^^^^^^^^^^^^^^^^^^^
  File "/home/ec2-user/tipping-monster/run_inference_and_select_top1.py", line 211, in get_last_class
    df = df[df["date"] < today_date]
            ^^^^^^^^^^^^^^^^^^^^^^^
  File "/home/ec2-user/tipping-monster/.venv/lib/python3.11/site-packages/pandas/core/ops/common.py", line 76, in new_method
    return method(self, other)
           ^^^^^^^^^^^^^^^^^^^
  File "/home/ec2-user/tipping-monster/.venv/lib/python3.11/site-packages/pandas/core/arraylike.py", line 48, in __lt__
    return self._cmp_method(other, operator.lt)
           ^^^^^^^^^^^^^^^^^^^^^^^^^^^^^^^^^^^^
  File "/home/ec2-user/tipping-monster/.venv/lib/python3.11/site-packages/pandas/core/series.py", line 6119, in _cmp_method
    res_values = ops.comparison_op(lvalues, rvalues, op)
                 ^^^^^^^^^^^^^^^^^^^^^^^^^^^^^^^^^^^^^^^
  File "/home/ec2-user/tipping-monster/.venv/lib/python3.11/site-packages/pandas/core/ops/array_ops.py", line 330, in comparison_op
    res_values = op(lvalues, rvalues)
                 ^^^^^^^^^^^^^^^^^^^^
  File "/home/ec2-user/tipping-monster/.venv/lib/python3.11/site-packages/pandas/core/ops/common.py", line 76, in new_method
    return method(self, other)
           ^^^^^^^^^^^^^^^^^^^
  File "/home/ec2-user/tipping-monster/.venv/lib/python3.11/site-packages/pandas/core/arraylike.py", line 48, in __lt__
    return self._cmp_method(other, operator.lt)
           ^^^^^^^^^^^^^^^^^^^^^^^^^^^^^^^^^^^^
  File "/home/ec2-user/tipping-monster/.venv/lib/python3.11/site-packages/pandas/core/arrays/datetimelike.py", line 985, in _cmp_method
    return invalid_comparison(self, other, op)
           ^^^^^^^^^^^^^^^^^^^^^^^^^^^^^^^^^^^
  File "/home/ec2-user/tipping-monster/.venv/lib/python3.11/site-packages/pandas/core/ops/invalid.py", line 40, in invalid_comparison
    raise TypeError(f"Invalid comparison between dtype={left.dtype} and {typ}")
TypeError: Invalid comparison between dtype=datetime64[ns] and date
/home/ec2-user/tipping-monster/.venv/lib/python3.11/site-packages/xgboost/core.py:377: FutureWarning: Your system has an old version of glibc (< 2.28). We will stop supporting Linux distros with glibc older than 2.28 after **May 31, 2025**. Please upgrade to a recent Linux distro (with glibc >= 2.28) to use future versions of XGBoost.
Note: You have installed the 'manylinux2014' variant of XGBoost. Certain features such as GPU algorithms or federated learning are not available. To use these features, please upgrade to a recent Linux distro with glibc 2.28+, and install the 'manylinux_2_28' variant.
  warnings.warn(
/home/ec2-user/tipping-monster/run_inference_and_select_top1.py:190: DtypeWarning: Columns (6) have mixed types. Specify dtype option on import or set low_memory=False.
  df = pd.read_csv(path, usecols=["date", "course", "off", "class", "horse"], parse_dates=["date"])
Traceback (most recent call last):
  File "/home/ec2-user/tipping-monster/.venv/lib/python3.11/site-packages/pandas/core/arrays/datetimelike.py", line 983, in _cmp_method
    other = self._validate_comparison_value(other)
            ^^^^^^^^^^^^^^^^^^^^^^^^^^^^^^^^^^^^^^
  File "/home/ec2-user/tipping-monster/.venv/lib/python3.11/site-packages/pandas/core/arrays/datetimelike.py", line 542, in _validate_comparison_value
    raise InvalidComparison(other)
pandas.errors.InvalidComparison: 2025-05-24

During handling of the above exception, another exception occurred:

Traceback (most recent call last):
  File "/home/ec2-user/tipping-monster/run_inference_and_select_top1.py", line 223, in <module>
    row["last_class"] = get_last_class(row["name"], today_date, combined_results_df)
                        ^^^^^^^^^^^^^^^^^^^^^^^^^^^^^^^^^^^^^^^^^^^^^^^^^^^^^^^^^^^^
  File "/home/ec2-user/tipping-monster/run_inference_and_select_top1.py", line 211, in get_last_class
    df = df[df["date"] < today_date]
            ^^^^^^^^^^^^^^^^^^^^^^^
  File "/home/ec2-user/tipping-monster/.venv/lib/python3.11/site-packages/pandas/core/ops/common.py", line 76, in new_method
    return method(self, other)
           ^^^^^^^^^^^^^^^^^^^
  File "/home/ec2-user/tipping-monster/.venv/lib/python3.11/site-packages/pandas/core/arraylike.py", line 48, in __lt__
    return self._cmp_method(other, operator.lt)
           ^^^^^^^^^^^^^^^^^^^^^^^^^^^^^^^^^^^^
  File "/home/ec2-user/tipping-monster/.venv/lib/python3.11/site-packages/pandas/core/series.py", line 6119, in _cmp_method
    res_values = ops.comparison_op(lvalues, rvalues, op)
                 ^^^^^^^^^^^^^^^^^^^^^^^^^^^^^^^^^^^^^^^
  File "/home/ec2-user/tipping-monster/.venv/lib/python3.11/site-packages/pandas/core/ops/array_ops.py", line 330, in comparison_op
    res_values = op(lvalues, rvalues)
                 ^^^^^^^^^^^^^^^^^^^^
  File "/home/ec2-user/tipping-monster/.venv/lib/python3.11/site-packages/pandas/core/ops/common.py", line 76, in new_method
    return method(self, other)
           ^^^^^^^^^^^^^^^^^^^
  File "/home/ec2-user/tipping-monster/.venv/lib/python3.11/site-packages/pandas/core/arraylike.py", line 48, in __lt__
    return self._cmp_method(other, operator.lt)
           ^^^^^^^^^^^^^^^^^^^^^^^^^^^^^^^^^^^^
  File "/home/ec2-user/tipping-monster/.venv/lib/python3.11/site-packages/pandas/core/arrays/datetimelike.py", line 985, in _cmp_method
    return invalid_comparison(self, other, op)
           ^^^^^^^^^^^^^^^^^^^^^^^^^^^^^^^^^^^
  File "/home/ec2-user/tipping-monster/.venv/lib/python3.11/site-packages/pandas/core/ops/invalid.py", line 40, in invalid_comparison
    raise TypeError(f"Invalid comparison between dtype={left.dtype} and {typ}")
TypeError: Invalid comparison between dtype=datetime64[ns] and date
/home/ec2-user/tipping-monster/.venv/lib/python3.11/site-packages/xgboost/core.py:377: FutureWarning: Your system has an old version of glibc (< 2.28). We will stop supporting Linux distros with glibc older than 2.28 after **May 31, 2025**. Please upgrade to a recent Linux distro (with glibc >= 2.28) to use future versions of XGBoost.
Note: You have installed the 'manylinux2014' variant of XGBoost. Certain features such as GPU algorithms or federated learning are not available. To use these features, please upgrade to a recent Linux distro with glibc 2.28+, and install the 'manylinux_2_28' variant.
  warnings.warn(
/home/ec2-user/tipping-monster/run_inference_and_select_top1.py:190: DtypeWarning: Columns (6) have mixed types. Specify dtype option on import or set low_memory=False.
  df = pd.read_csv(path, usecols=["date", "course", "off", "class", "horse"], parse_dates=["date"])
Traceback (most recent call last):
  File "/home/ec2-user/tipping-monster/.venv/lib/python3.11/site-packages/pandas/core/arrays/datetimelike.py", line 983, in _cmp_method
    other = self._validate_comparison_value(other)
            ^^^^^^^^^^^^^^^^^^^^^^^^^^^^^^^^^^^^^^
  File "/home/ec2-user/tipping-monster/.venv/lib/python3.11/site-packages/pandas/core/arrays/datetimelike.py", line 542, in _validate_comparison_value
    raise InvalidComparison(other)
pandas.errors.InvalidComparison: 2025-05-24

During handling of the above exception, another exception occurred:

Traceback (most recent call last):
  File "/home/ec2-user/tipping-monster/run_inference_and_select_top1.py", line 223, in <module>
    row["last_class"] = get_last_class(row["name"], today_date, combined_results_df)
                        ^^^^^^^^^^^^^^^^^^^^^^^^^^^^^^^^^^^^^^^^^^^^^^^^^^^^^^^^^^^^
  File "/home/ec2-user/tipping-monster/run_inference_and_select_top1.py", line 211, in get_last_class
    df = df[df["date"] < today_date]
            ^^^^^^^^^^^^^^^^^^^^^^^
  File "/home/ec2-user/tipping-monster/.venv/lib/python3.11/site-packages/pandas/core/ops/common.py", line 76, in new_method
    return method(self, other)
           ^^^^^^^^^^^^^^^^^^^
  File "/home/ec2-user/tipping-monster/.venv/lib/python3.11/site-packages/pandas/core/arraylike.py", line 48, in __lt__
    return self._cmp_method(other, operator.lt)
           ^^^^^^^^^^^^^^^^^^^^^^^^^^^^^^^^^^^^
  File "/home/ec2-user/tipping-monster/.venv/lib/python3.11/site-packages/pandas/core/series.py", line 6119, in _cmp_method
    res_values = ops.comparison_op(lvalues, rvalues, op)
                 ^^^^^^^^^^^^^^^^^^^^^^^^^^^^^^^^^^^^^^^
  File "/home/ec2-user/tipping-monster/.venv/lib/python3.11/site-packages/pandas/core/ops/array_ops.py", line 330, in comparison_op
    res_values = op(lvalues, rvalues)
                 ^^^^^^^^^^^^^^^^^^^^
  File "/home/ec2-user/tipping-monster/.venv/lib/python3.11/site-packages/pandas/core/ops/common.py", line 76, in new_method
    return method(self, other)
           ^^^^^^^^^^^^^^^^^^^
  File "/home/ec2-user/tipping-monster/.venv/lib/python3.11/site-packages/pandas/core/arraylike.py", line 48, in __lt__
    return self._cmp_method(other, operator.lt)
           ^^^^^^^^^^^^^^^^^^^^^^^^^^^^^^^^^^^^
  File "/home/ec2-user/tipping-monster/.venv/lib/python3.11/site-packages/pandas/core/arrays/datetimelike.py", line 985, in _cmp_method
    return invalid_comparison(self, other, op)
           ^^^^^^^^^^^^^^^^^^^^^^^^^^^^^^^^^^^
  File "/home/ec2-user/tipping-monster/.venv/lib/python3.11/site-packages/pandas/core/ops/invalid.py", line 40, in invalid_comparison
    raise TypeError(f"Invalid comparison between dtype={left.dtype} and {typ}")
TypeError: Invalid comparison between dtype=datetime64[ns] and date
/home/ec2-user/tipping-monster/.venv/lib/python3.11/site-packages/xgboost/core.py:377: FutureWarning: Your system has an old version of glibc (< 2.28). We will stop supporting Linux distros with glibc older than 2.28 after **May 31, 2025**. Please upgrade to a recent Linux distro (with glibc >= 2.28) to use future versions of XGBoost.
Note: You have installed the 'manylinux2014' variant of XGBoost. Certain features such as GPU algorithms or federated learning are not available. To use these features, please upgrade to a recent Linux distro with glibc 2.28+, and install the 'manylinux_2_28' variant.
  warnings.warn(
/home/ec2-user/tipping-monster/run_inference_and_select_top1.py:190: DtypeWarning: Columns (6) have mixed types. Specify dtype option on import or set low_memory=False.
  df = pd.read_csv(path, usecols=["date", "course", "off", "class", "horse"], parse_dates=["date"])
Saved 63 top tips to predictions/2025-05-24/output.jsonl
✅ Uploaded to s3://tipping-monster/predictions/2025-05-24/output.jsonl
/home/ec2-user/tipping-monster/.venv/lib/python3.11/site-packages/xgboost/core.py:377: FutureWarning: Your system has an old version of glibc (< 2.28). We will stop supporting Linux distros with glibc older than 2.28 after **May 31, 2025**. Please upgrade to a recent Linux distro (with glibc >= 2.28) to use future versions of XGBoost.
Note: You have installed the 'manylinux2014' variant of XGBoost. Certain features such as GPU algorithms or federated learning are not available. To use these features, please upgrade to a recent Linux distro with glibc 2.28+, and install the 'manylinux_2_28' variant.
  warnings.warn(
/home/ec2-user/tipping-monster/run_inference_and_select_top1.py:190: DtypeWarning: Columns (6) have mixed types. Specify dtype option on import or set low_memory=False.
  df = pd.read_csv(path, usecols=["date", "course", "off", "class", "horse"], parse_dates=["date"])
Saved 44 top tips to predictions/2025-05-25/output.jsonl
✅ Uploaded to s3://tipping-monster/predictions/2025-05-25/output.jsonl
/home/ec2-user/tipping-monster/.venv/lib/python3.11/site-packages/xgboost/core.py:377: FutureWarning: Your system has an old version of glibc (< 2.28). We will stop supporting Linux distros with glibc older than 2.28 after **May 31, 2025**. Please upgrade to a recent Linux distro (with glibc >= 2.28) to use future versions of XGBoost.
Note: You have installed the 'manylinux2014' variant of XGBoost. Certain features such as GPU algorithms or federated learning are not available. To use these features, please upgrade to a recent Linux distro with glibc 2.28+, and install the 'manylinux_2_28' variant.
  warnings.warn(
/home/ec2-user/tipping-monster/run_inference_and_select_top1.py:190: DtypeWarning: Columns (6) have mixed types. Specify dtype option on import or set low_memory=False.
  df = pd.read_csv(path, usecols=["date", "course", "off", "class", "horse"], parse_dates=["date"])
Saved 44 top tips to predictions/2025-05-26/output.jsonl
✅ Uploaded to s3://tipping-monster/predictions/2025-05-26/output.jsonl
/home/ec2-user/tipping-monster/.venv/lib/python3.11/site-packages/xgboost/core.py:377: FutureWarning: Your system has an old version of glibc (< 2.28). We will stop supporting Linux distros with glibc older than 2.28 after **May 31, 2025**. Please upgrade to a recent Linux distro (with glibc >= 2.28) to use future versions of XGBoost.
Note: You have installed the 'manylinux2014' variant of XGBoost. Certain features such as GPU algorithms or federated learning are not available. To use these features, please upgrade to a recent Linux distro with glibc 2.28+, and install the 'manylinux_2_28' variant.
  warnings.warn(
/home/ec2-user/tipping-monster/run_inference_and_select_top1.py:190: DtypeWarning: Columns (6) have mixed types. Specify dtype option on import or set low_memory=False.
  df = pd.read_csv(path, usecols=["date", "course", "off", "class", "horse"], parse_dates=["date"])
Saved 43 top tips to predictions/2025-05-27/output.jsonl
✅ Uploaded to s3://tipping-monster/predictions/2025-05-27/output.jsonl
/home/ec2-user/tipping-monster/.venv/lib/python3.11/site-packages/xgboost/core.py:377: FutureWarning: Your system has an old version of glibc (< 2.28). We will stop supporting Linux distros with glibc older than 2.28 after **May 31, 2025**. Please upgrade to a recent Linux distro (with glibc >= 2.28) to use future versions of XGBoost.
Note: You have installed the 'manylinux2014' variant of XGBoost. Certain features such as GPU algorithms or federated learning are not available. To use these features, please upgrade to a recent Linux distro with glibc 2.28+, and install the 'manylinux_2_28' variant.
  warnings.warn(
/home/ec2-user/tipping-monster/run_inference_and_select_top1.py:190: DtypeWarning: Columns (6) have mixed types. Specify dtype option on import or set low_memory=False.
  df = pd.read_csv(path, usecols=["date", "course", "off", "class", "horse"], parse_dates=["date"])
Saved 52 top tips to predictions/2025-05-28/output.jsonl
✅ Uploaded to s3://tipping-monster/predictions/2025-05-28/output.jsonl
/home/ec2-user/tipping-monster/.venv/lib/python3.11/site-packages/xgboost/core.py:377: FutureWarning: Your system has an old version of glibc (< 2.28). We will stop supporting Linux distros with glibc older than 2.28 after **May 31, 2025**. Please upgrade to a recent Linux distro (with glibc >= 2.28) to use future versions of XGBoost.
Note: You have installed the 'manylinux2014' variant of XGBoost. Certain features such as GPU algorithms or federated learning are not available. To use these features, please upgrade to a recent Linux distro with glibc 2.28+, and install the 'manylinux_2_28' variant.
  warnings.warn(
/home/ec2-user/tipping-monster/.venv/lib/python3.11/site-packages/xgboost/core.py:377: FutureWarning: Your system has an old version of glibc (< 2.28). We will stop supporting Linux distros with glibc older than 2.28 after **May 31, 2025**. Please upgrade to a recent Linux distro (with glibc >= 2.28) to use future versions of XGBoost.
Note: You have installed the 'manylinux2014' variant of XGBoost. Certain features such as GPU algorithms or federated learning are not available. To use these features, please upgrade to a recent Linux distro with glibc 2.28+, and install the 'manylinux_2_28' variant.
  warnings.warn(
/home/ec2-user/tipping-monster/run_inference_and_select_top1.py:190: DtypeWarning: Columns (6) have mixed types. Specify dtype option on import or set low_memory=False.
  df = pd.read_csv(path, usecols=["date", "course", "off", "class", "horse"], parse_dates=["date"])
/home/ec2-user/tipping-monster/run_inference_and_select_top1.py:190: DtypeWarning: Columns (6) have mixed types. Specify dtype option on import or set low_memory=False.
  df = pd.read_csv(path, usecols=["date", "course", "off", "class", "horse"], parse_dates=["date"])
Saved 50 top tips to predictions/2025-05-29/output.jsonl
✅ Uploaded to s3://tipping-monster/predictions/2025-05-29/output.jsonl
Saved 50 top tips to predictions/2025-05-29/output.jsonl
✅ Uploaded to s3://tipping-monster/predictions/2025-05-29/output.jsonl
/home/ec2-user/tipping-monster/.venv/lib/python3.11/site-packages/xgboost/core.py:377: FutureWarning: Your system has an old version of glibc (< 2.28). We will stop supporting Linux distros with glibc older than 2.28 after **May 31, 2025**. Please upgrade to a recent Linux distro (with glibc >= 2.28) to use future versions of XGBoost.
Note: You have installed the 'manylinux2014' variant of XGBoost. Certain features such as GPU algorithms or federated learning are not available. To use these features, please upgrade to a recent Linux distro with glibc 2.28+, and install the 'manylinux_2_28' variant.
  warnings.warn(
/home/ec2-user/tipping-monster/run_inference_and_select_top1.py:190: DtypeWarning: Columns (6) have mixed types. Specify dtype option on import or set low_memory=False.
  df = pd.read_csv(path, usecols=["date", "course", "off", "class", "horse"], parse_dates=["date"])
Saved 50 top tips to predictions/2025-05-29/output.jsonl
✅ Uploaded to s3://tipping-monster/predictions/2025-05-29/output.jsonl
/home/ec2-user/tipping-monster/.venv/lib/python3.11/site-packages/xgboost/core.py:377: FutureWarning: Your system has an old version of glibc (< 2.28). We will stop supporting Linux distros with glibc older than 2.28 after **May 31, 2025**. Please upgrade to a recent Linux distro (with glibc >= 2.28) to use future versions of XGBoost.
Note: You have installed the 'manylinux2014' variant of XGBoost. Certain features such as GPU algorithms or federated learning are not available. To use these features, please upgrade to a recent Linux distro with glibc 2.28+, and install the 'manylinux_2_28' variant.
  warnings.warn(
/home/ec2-user/tipping-monster/run_inference_and_select_top1.py:190: DtypeWarning: Columns (6) have mixed types. Specify dtype option on import or set low_memory=False.
  df = pd.read_csv(path, usecols=["date", "course", "off", "class", "horse"], parse_dates=["date"])
Saved 54 top tips to predictions/2025-05-30/output.jsonl
✅ Uploaded to s3://tipping-monster/predictions/2025-05-30/output.jsonl
/home/ec2-user/tipping-monster/.venv/lib/python3.11/site-packages/xgboost/core.py:377: FutureWarning: Your system has an old version of glibc (< 2.28). We will stop supporting Linux distros with glibc older than 2.28 after **May 31, 2025**. Please upgrade to a recent Linux distro (with glibc >= 2.28) to use future versions of XGBoost.
Note: You have installed the 'manylinux2014' variant of XGBoost. Certain features such as GPU algorithms or federated learning are not available. To use these features, please upgrade to a recent Linux distro with glibc 2.28+, and install the 'manylinux_2_28' variant.
  warnings.warn(
/home/ec2-user/tipping-monster/run_inference_and_select_top1.py:190: DtypeWarning: Columns (6) have mixed types. Specify dtype option on import or set low_memory=False.
  df = pd.read_csv(path, usecols=["date", "course", "off", "class", "horse"], parse_dates=["date"])
Saved 73 top tips to predictions/2025-05-31/output.jsonl
✅ Uploaded to s3://tipping-monster/predictions/2025-05-31/output.jsonl
/home/ec2-user/tipping-monster/.venv/lib/python3.11/site-packages/xgboost/core.py:377: FutureWarning: Your system has an old version of glibc (< 2.28). We will stop supporting Linux distros with glibc older than 2.28 after **May 31, 2025**. Please upgrade to a recent Linux distro (with glibc >= 2.28) to use future versions of XGBoost.
Note: You have installed the 'manylinux2014' variant of XGBoost. Certain features such as GPU algorithms or federated learning are not available. To use these features, please upgrade to a recent Linux distro with glibc 2.28+, and install the 'manylinux_2_28' variant.
  warnings.warn(
/home/ec2-user/tipping-monster/run_inference_and_select_top1.py:190: DtypeWarning: Columns (6) have mixed types. Specify dtype option on import or set low_memory=False.
  df = pd.read_csv(path, usecols=["date", "course", "off", "class", "horse"], parse_dates=["date"])
Saved 46 top tips to predictions/2025-06-01/output.jsonl
✅ Uploaded to s3://tipping-monster/predictions/2025-06-01/output.jsonl
/home/ec2-user/tipping-monster/.venv/lib/python3.11/site-packages/xgboost/core.py:377: FutureWarning: Your system has an old version of glibc (< 2.28). We will stop supporting Linux distros with glibc older than 2.28 after **May 31, 2025**. Please upgrade to a recent Linux distro (with glibc >= 2.28) to use future versions of XGBoost.
Note: You have installed the 'manylinux2014' variant of XGBoost. Certain features such as GPU algorithms or federated learning are not available. To use these features, please upgrade to a recent Linux distro with glibc 2.28+, and install the 'manylinux_2_28' variant.
  warnings.warn(
/home/ec2-user/tipping-monster/run_inference_and_select_top1.py:190: DtypeWarning: Columns (6) have mixed types. Specify dtype option on import or set low_memory=False.
  df = pd.read_csv(path, usecols=["date", "course", "off", "class", "horse"], parse_dates=["date"])
Saved 44 top tips to predictions/2025-06-02/output.jsonl
✅ Uploaded to s3://tipping-monster/predictions/2025-06-02/output.jsonl
/home/ec2-user/tipping-monster/.venv/lib/python3.11/site-packages/xgboost/core.py:377: FutureWarning: Your system has an old version of glibc (< 2.28). We will stop supporting Linux distros with glibc older than 2.28 after **May 31, 2025**. Please upgrade to a recent Linux distro (with glibc >= 2.28) to use future versions of XGBoost.
Note: You have installed the 'manylinux2014' variant of XGBoost. Certain features such as GPU algorithms or federated learning are not available. To use these features, please upgrade to a recent Linux distro with glibc 2.28+, and install the 'manylinux_2_28' variant.
  warnings.warn(
/home/ec2-user/tipping-monster/run_inference_and_select_top1.py:190: DtypeWarning: Columns (6) have mixed types. Specify dtype option on import or set low_memory=False.
  df = pd.read_csv(path, usecols=["date", "course", "off", "class", "horse"], parse_dates=["date"])
Saved 26 top tips to predictions/2025-06-03/output.jsonl
✅ Uploaded to s3://tipping-monster/predictions/2025-06-03/output.jsonl
/home/ec2-user/tipping-monster/.venv/lib/python3.11/site-packages/xgboost/core.py:377: FutureWarning: Your system has an old version of glibc (< 2.28). We will stop supporting Linux distros with glibc older than 2.28 after **May 31, 2025**. Please upgrade to a recent Linux distro (with glibc >= 2.28) to use future versions of XGBoost.
Note: You have installed the 'manylinux2014' variant of XGBoost. Certain features such as GPU algorithms or federated learning are not available. To use these features, please upgrade to a recent Linux distro with glibc 2.28+, and install the 'manylinux_2_28' variant.
  warnings.warn(
/home/ec2-user/tipping-monster/run_inference_and_select_top1.py:190: DtypeWarning: Columns (6) have mixed types. Specify dtype option on import or set low_memory=False.
  df = pd.read_csv(path, usecols=["date", "course", "off", "class", "horse"], parse_dates=["date"])
Saved 26 top tips to predictions/2025-06-03/output.jsonl
✅ Uploaded to s3://tipping-monster/predictions/2025-06-03/output.jsonl
